{
  "RSpec": {
    "coverage": {
      "/Users/darrenkulback/turing/1module/projects/enigma/lib/scrambler.rb": {
        "lines": [
          1,
          null,
          1,
          null,
          null,
          1,
          null,
          null,
          null,
          null,
          1,
          1,
          null,
          1,
          4,
          16,
          null,
          null,
          null,
          null
        ]
      },
      "/Users/darrenkulback/turing/1module/projects/enigma/lib/keygen.rb": {
        "lines": [
          1,
          1,
          null,
          1,
          0,
          null,
          null,
          1,
          0,
          null,
          null
        ]
      }
    },
    "timestamp": 1636648704
  }
}
