{
  "RSpec": {
    "coverage": {
      "/Users/darrenkulback/turing/1module/projects/enigma/lib/enigma.rb": {
        "lines": [
          1,
          1,
          null,
          1,
          0,
          null,
          null,
          1,
          null,
          null,
          0,
          null,
          null,
          null,
          null,
          null,
          1,
          null,
          null,
          0,
          null,
          null,
          null,
          null,
          null
        ]
      },
      "/Users/darrenkulback/turing/1module/projects/enigma/spec/keygen_spec.rb": {
        "lines": [
          1,
          1,
          1,
          null,
          1,
          1,
          1,
          0,
          0,
          0,
          null,
          1,
          1,
          0,
          0,
          null,
          null,
          null
        ]
      },
      "/Users/darrenkulback/turing/1module/projects/enigma/lib/keygen.rb": {
        "lines": [
          1,
          1,
          null,
          1,
          0,
          null,
          null,
          1,
          0,
          null,
          null
        ]
      },
      "/Users/darrenkulback/turing/1module/projects/enigma/spec/scrambler_spec.rb": {
        "lines": [
          1,
          1,
          1,
          1,
          null,
          1,
          0,
          0,
          0,
          0,
          0,
          0,
          null,
          0,
          0,
          0,
          0,
          0,
          null,
          null,
          null
        ]
      },
      "/Users/darrenkulback/turing/1module/projects/enigma/lib/scrambler.rb": {
        "lines": [

        ]
      }
    },
    "timestamp": 1636610535
  }
}
